<?xml version="1.0" encoding="UTF-8"?>
<!-- Generated by org.testng.reporters.JUnitReportReporter -->
<testsuite skipped="0" hostname="LAPTOP-06F7N1DT" name="TestList1.TestCase5" tests="2" failures="0" timestamp="29 Jan 2019 09:20:07 GMT" time="15.376" errors="0">
  <testcase name="RegisterAndAddWishList" time="5.360" classname="TestList1.TestCase5"/>
  <testcase name="LoginAndBuyWishList" time="10.016" classname="TestList1.TestCase5"/>
</testsuite> <!-- TestList1.TestCase5 -->
