<?xml version="1.0" encoding="UTF-8"?>
<!-- Generated by org.testng.reporters.JUnitReportReporter -->
<testsuite skipped="0" hostname="LAPTOP-06F7N1DT" name="TestList1.TestCase1" tests="1" failures="0" timestamp="29 Jan 2019 09:20:07 GMT" time="7.169" errors="0">
  <testcase name="SortMobilesByNameTestCase" time="7.169" classname="TestList1.TestCase1"/>
</testsuite> <!-- TestList1.TestCase1 -->
