<?xml version="1.0" encoding="UTF-8"?>
<!-- Generated by org.testng.reporters.JUnitReportReporter -->
<testsuite skipped="0" hostname="LAPTOP-06F7N1DT" name="TestList1.TestCase3" tests="1" failures="0" timestamp="29 Jan 2019 09:20:07 GMT" time="3.205" errors="0">
  <testcase name="AddProductsToBasketTestCase" time="3.205" classname="TestList1.TestCase3"/>
</testsuite> <!-- TestList1.TestCase3 -->
